cp: '/bio/rsat/public_html/tmp/ledpred_rsat_8175a2/insect_570.tf' and '/bio/rsat/public_html/tmp/ledpred_rsat_8175a2/insect_570.tf' are the same file
WARNING only first matrix in /tmp/.rsat_tmp_dir/2016/04/11/matrix-scan-single-matrix_2016-04-11.073858_QGe1j7.tab is used
WARNING only first matrix in /tmp/.rsat_tmp_dir/2016/04/11/matrix-scan-single-matrix_2016-04-11.073858_VLujjK.tab is used
WARNING only first matrix in /tmp/.rsat_tmp_dir/2016/04/11/matrix-scan-single-matrix_2016-04-11.073859_UqSuSC.tab is used
WARNING only first matrix in /tmp/.rsat_tmp_dir/2016/04/11/matrix-scan-single-matrix_2016-04-11.073900_gg2GnY.tab is used
WARNING only first matrix in /tmp/.rsat_tmp_dir/2016/04/11/matrix-scan-single-matrix_2016-04-11.073902_FPuoLl.tab is used
WARNING only first matrix in /tmp/.rsat_tmp_dir/2016/04/11/matrix-scan-single-matrix_2016-04-11.073902_Gn3Xdt.tab is used
WARNING only first matrix in /tmp/.rsat_tmp_dir/2016/04/11/matrix-scan-single-matrix_2016-04-11.073902_DdASTg.tab is used
WARNING only first matrix in /tmp/.rsat_tmp_dir/2016/04/11/matrix-scan-single-matrix_2016-04-11.073906_yKvimY.tab is used
WARNING only first matrix in /tmp/.rsat_tmp_dir/2016/04/11/matrix-scan-single-matrix_2016-04-11.073906_EUPiXu.tab is used
WARNING only first matrix in /tmp/.rsat_tmp_dir/2016/04/11/matrix-scan-single-matrix_2016-04-11.073908_2XQTjp.tab is used
WARNING only first matrix in /tmp/.rsat_tmp_dir/2016/04/11/matrix-scan-single-matrix_2016-04-11.073907_uqVGag.tab is used
WARNING only first matrix in /tmp/.rsat_tmp_dir/2016/04/11/matrix-scan-single-matrix_2016-04-11.073908_ftBuft.tab is used
WARNING only first matrix in /tmp/.rsat_tmp_dir/2016/04/11/matrix-scan-single-matrix_2016-04-11.073912_QcQBgB.tab is used
WARNING only first matrix in /tmp/.rsat_tmp_dir/2016/04/11/matrix-scan-single-matrix_2016-04-11.073911_GrdeBK.tab is used
WARNING only first matrix in /tmp/.rsat_tmp_dir/2016/04/11/matrix-scan-single-matrix_2016-04-11.073912_8VxgCk.tab is used
WARNING only first matrix in /tmp/.rsat_tmp_dir/2016/04/11/matrix-scan-single-matrix_2016-04-11.073914_XCPyPS.tab is used
WARNING only first matrix in /tmp/.rsat_tmp_dir/2016/04/11/matrix-scan-single-matrix_2016-04-11.073914_fK6Mah.tab is used
WARNING only first matrix in /tmp/.rsat_tmp_dir/2016/04/11/matrix-scan-single-matrix_2016-04-11.073914_FxaZIz.tab is used
WARNING only first matrix in /tmp/.rsat_tmp_dir/2016/04/11/matrix-scan-single-matrix_2016-04-11.073916_EQ6hVa.tab is used
WARNING only first matrix in /tmp/.rsat_tmp_dir/2016/04/11/matrix-scan-single-matrix_2016-04-11.073917_2EUwE0.tab is used
WARNING only first matrix in /tmp/.rsat_tmp_dir/2016/04/11/matrix-scan-single-matrix_2016-04-11.073918_OY1OuR.tab is used
WARNING only first matrix in /tmp/.rsat_tmp_dir/2016/04/11/matrix-scan-single-matrix_2016-04-11.073918_jLcM5j.tab is used
WARNING only first matrix in /tmp/.rsat_tmp_dir/2016/04/11/matrix-scan-single-matrix_2016-04-11.073920_VTeYOs.tab is used
WARNING only first matrix in /tmp/.rsat_tmp_dir/2016/04/11/matrix-scan-single-matrix_2016-04-11.073921_GeHAIu.tab is used
WARNING only first matrix in /tmp/.rsat_tmp_dir/2016/04/11/matrix-scan-single-matrix_2016-04-11.073922_OVqEXG.tab is used
WARNING only first matrix in /tmp/.rsat_tmp_dir/2016/04/11/matrix-scan-single-matrix_2016-04-11.073924_SO07PT.tab is used
WARNING only first matrix in /tmp/.rsat_tmp_dir/2016/04/11/matrix-scan-single-matrix_2016-04-11.073926_oJlcPf.tab is used
WARNING only first matrix in /tmp/.rsat_tmp_dir/2016/04/11/matrix-scan-single-matrix_2016-04-11.073927_iwROZp.tab is used
WARNING only first matrix in /tmp/.rsat_tmp_dir/2016/04/11/matrix-scan-single-matrix_2016-04-11.073926_3zlxl2.tab is used
WARNING only first matrix in /tmp/.rsat_tmp_dir/2016/04/11/matrix-scan-single-matrix_2016-04-11.073929_WP9dYh.tab is used
WARNING only first matrix in /tmp/.rsat_tmp_dir/2016/04/11/matrix-scan-single-matrix_2016-04-11.073929_tGKxdw.tab is used
WARNING only first matrix in /tmp/.rsat_tmp_dir/2016/04/11/matrix-scan-single-matrix_2016-04-11.073930_PsV5h2.tab is used
WARNING only first matrix in /tmp/.rsat_tmp_dir/2016/04/11/matrix-scan-single-matrix_2016-04-11.073932_Txyvmv.tab is used
WARNING only first matrix in /tmp/.rsat_tmp_dir/2016/04/11/matrix-scan-single-matrix_2016-04-11.073933_mYHoHV.tab is used
WARNING only first matrix in /tmp/.rsat_tmp_dir/2016/04/11/matrix-scan-single-matrix_2016-04-11.073934_dBKeGn.tab is used
WARNING only first matrix in /tmp/.rsat_tmp_dir/2016/04/11/matrix-scan-single-matrix_2016-04-11.073935_MeI689.tab is used
WARNING only first matrix in /tmp/.rsat_tmp_dir/2016/04/11/matrix-scan-single-matrix_2016-04-11.073934_ToNtAn.tab is used
WARNING only first matrix in /tmp/.rsat_tmp_dir/2016/04/11/matrix-scan-single-matrix_2016-04-11.073937_y27yUS.tab is used
WARNING only first matrix in /tmp/.rsat_tmp_dir/2016/04/11/matrix-scan-single-matrix_2016-04-11.073937_RDleGm.tab is used
WARNING only first matrix in /tmp/.rsat_tmp_dir/2016/04/11/matrix-scan-single-matrix_2016-04-11.073937_5w8JD5.tab is used
WARNING only first matrix in /tmp/.rsat_tmp_dir/2016/04/11/matrix-scan-single-matrix_2016-04-11.073939_0OdiIh.tab is used
WARNING only first matrix in /tmp/.rsat_tmp_dir/2016/04/11/matrix-scan-single-matrix_2016-04-11.073940_kve9OO.tab is used
WARNING only first matrix in /tmp/.rsat_tmp_dir/2016/04/11/matrix-scan-single-matrix_2016-04-11.073941_2hG0Q4.tab is used
WARNING only first matrix in /tmp/.rsat_tmp_dir/2016/04/11/matrix-scan-single-matrix_2016-04-11.073942_3ZQzQ9.tab is used
WARNING only first matrix in /tmp/.rsat_tmp_dir/2016/04/11/matrix-scan-single-matrix_2016-04-11.073945_9wudaY.tab is used
WARNING only first matrix in /tmp/.rsat_tmp_dir/2016/04/11/matrix-scan-single-matrix_2016-04-11.073945_qYPoQc.tab is used
WARNING only first matrix in /tmp/.rsat_tmp_dir/2016/04/11/matrix-scan-single-matrix_2016-04-11.073945_y12Weh.tab is used
WARNING only first matrix in /tmp/.rsat_tmp_dir/2016/04/11/matrix-scan-single-matrix_2016-04-11.073949_3bEx5Y.tab is used
WARNING only first matrix in /tmp/.rsat_tmp_dir/2016/04/11/matrix-scan-single-matrix_2016-04-11.073949_8UCaSe.tab is used
WARNING only first matrix in /tmp/.rsat_tmp_dir/2016/04/11/matrix-scan-single-matrix_2016-04-11.073951_p71TZG.tab is used
WARNING only first matrix in /tmp/.rsat_tmp_dir/2016/04/11/matrix-scan-single-matrix_2016-04-11.073950_Hm7egg.tab is used
WARNING only first matrix in /tmp/.rsat_tmp_dir/2016/04/11/matrix-scan-single-matrix_2016-04-11.073953_swaNvq.tab is used
WARNING only first matrix in /tmp/.rsat_tmp_dir/2016/04/11/matrix-scan-single-matrix_2016-04-11.073954_SCeEUL.tab is used
WARNING only first matrix in /tmp/.rsat_tmp_dir/2016/04/11/matrix-scan-single-matrix_2016-04-11.073954_KWmAfb.tab is used
WARNING only first matrix in /tmp/.rsat_tmp_dir/2016/04/11/matrix-scan-single-matrix_2016-04-11.073955_l46zye.tab is used
WARNING only first matrix in /tmp/.rsat_tmp_dir/2016/04/11/matrix-scan-single-matrix_2016-04-11.073958_OoCIrM.tab is used
WARNING only first matrix in /tmp/.rsat_tmp_dir/2016/04/11/matrix-scan-single-matrix_2016-04-11.073958_qNinEj.tab is used
WARNING only first matrix in /tmp/.rsat_tmp_dir/2016/04/11/matrix-scan-single-matrix_2016-04-11.073959_IAKXoq.tab is used
WARNING only first matrix in /tmp/.rsat_tmp_dir/2016/04/11/matrix-scan-single-matrix_2016-04-11.074002_7NS9Me.tab is used
WARNING only first matrix in /tmp/.rsat_tmp_dir/2016/04/11/matrix-scan-single-matrix_2016-04-11.074003_4jEs1S.tab is used
WARNING only first matrix in /tmp/.rsat_tmp_dir/2016/04/11/matrix-scan-single-matrix_2016-04-11.074005_UXcTpM.tab is used
WARNING only first matrix in /tmp/.rsat_tmp_dir/2016/04/11/matrix-scan-single-matrix_2016-04-11.074004_04AaPv.tab is used
WARNING only first matrix in /tmp/.rsat_tmp_dir/2016/04/11/matrix-scan-single-matrix_2016-04-11.074007_kcgtwx.tab is used
WARNING only first matrix in /tmp/.rsat_tmp_dir/2016/04/11/matrix-scan-single-matrix_2016-04-11.074006_ezBR4w.tab is used
WARNING only first matrix in /tmp/.rsat_tmp_dir/2016/04/11/matrix-scan-single-matrix_2016-04-11.074009_1P7tww.tab is used
WARNING only first matrix in /tmp/.rsat_tmp_dir/2016/04/11/matrix-scan-single-matrix_2016-04-11.074009_0BxFSY.tab is used
WARNING only first matrix in /tmp/.rsat_tmp_dir/2016/04/11/matrix-scan-single-matrix_2016-04-11.074008_sqzJWa.tab is used
WARNING only first matrix in /tmp/.rsat_tmp_dir/2016/04/11/matrix-scan-single-matrix_2016-04-11.074011_76EqUU.tab is used
WARNING only first matrix in /tmp/.rsat_tmp_dir/2016/04/11/matrix-scan-single-matrix_2016-04-11.074012_AdvQb4.tab is used
WARNING only first matrix in /tmp/.rsat_tmp_dir/2016/04/11/matrix-scan-single-matrix_2016-04-11.074013_0rr85J.tab is used
WARNING only first matrix in /tmp/.rsat_tmp_dir/2016/04/11/matrix-scan-single-matrix_2016-04-11.074014_LkNT8Q.tab is used
WARNING only first matrix in /tmp/.rsat_tmp_dir/2016/04/11/matrix-scan-single-matrix_2016-04-11.074016_SVFEkY.tab is used
WARNING only first matrix in /tmp/.rsat_tmp_dir/2016/04/11/matrix-scan-single-matrix_2016-04-11.074018_CerRXN.tab is used
WARNING only first matrix in /tmp/.rsat_tmp_dir/2016/04/11/matrix-scan-single-matrix_2016-04-11.074017_2h26VK.tab is used
WARNING only first matrix in /tmp/.rsat_tmp_dir/2016/04/11/matrix-scan-single-matrix_2016-04-11.074019_IPSLZi.tab is used
WARNING only first matrix in /tmp/.rsat_tmp_dir/2016/04/11/matrix-scan-single-matrix_2016-04-11.074021_tnLCF5.tab is used
WARNING only first matrix in /tmp/.rsat_tmp_dir/2016/04/11/matrix-scan-single-matrix_2016-04-11.074021_yQ6sW1.tab is used
WARNING only first matrix in /tmp/.rsat_tmp_dir/2016/04/11/matrix-scan-single-matrix_2016-04-11.074022_SVM2xT.tab is used
WARNING only first matrix in /tmp/.rsat_tmp_dir/2016/04/11/matrix-scan-single-matrix_2016-04-11.074023_v2KISh.tab is used
WARNING only first matrix in /tmp/.rsat_tmp_dir/2016/04/11/matrix-scan-single-matrix_2016-04-11.074024_ULeosM.tab is used
WARNING only first matrix in /tmp/.rsat_tmp_dir/2016/04/11/matrix-scan-single-matrix_2016-04-11.074025_Z60H1Y.tab is used
WARNING only first matrix in /tmp/.rsat_tmp_dir/2016/04/11/matrix-scan-single-matrix_2016-04-11.074026_bVUGCa.tab is used
WARNING only first matrix in /tmp/.rsat_tmp_dir/2016/04/11/matrix-scan-single-matrix_2016-04-11.074027_C3NKVV.tab is used
WARNING only first matrix in /tmp/.rsat_tmp_dir/2016/04/11/matrix-scan-single-matrix_2016-04-11.074029_VXqF5t.tab is used
WARNING only first matrix in /tmp/.rsat_tmp_dir/2016/04/11/matrix-scan-single-matrix_2016-04-11.074030_MNd6c3.tab is used
WARNING only first matrix in /tmp/.rsat_tmp_dir/2016/04/11/matrix-scan-single-matrix_2016-04-11.074031_5WKovw.tab is used
WARNING only first matrix in /tmp/.rsat_tmp_dir/2016/04/11/matrix-scan-single-matrix_2016-04-11.074029_f0ha2C.tab is used
WARNING only first matrix in /tmp/.rsat_tmp_dir/2016/04/11/matrix-scan-single-matrix_2016-04-11.074032_O0AYdJ.tab is used
WARNING only first matrix in /tmp/.rsat_tmp_dir/2016/04/11/matrix-scan-single-matrix_2016-04-11.074034_XYScCB.tab is used
WARNING only first matrix in /tmp/.rsat_tmp_dir/2016/04/11/matrix-scan-single-matrix_2016-04-11.074034_F9fwSw.tab is used
WARNING only first matrix in /tmp/.rsat_tmp_dir/2016/04/11/matrix-scan-single-matrix_2016-04-11.074035_JrPzlG.tab is used
WARNING only first matrix in /tmp/.rsat_tmp_dir/2016/04/11/matrix-scan-single-matrix_2016-04-11.074037_VOQtK3.tab is used
WARNING only first matrix in /tmp/.rsat_tmp_dir/2016/04/11/matrix-scan-single-matrix_2016-04-11.074038_nTZvOP.tab is used
WARNING only first matrix in /tmp/.rsat_tmp_dir/2016/04/11/matrix-scan-single-matrix_2016-04-11.074038_yuMXZC.tab is used
WARNING only first matrix in /tmp/.rsat_tmp_dir/2016/04/11/matrix-scan-single-matrix_2016-04-11.074039_AgOQxR.tab is used
WARNING only first matrix in /tmp/.rsat_tmp_dir/2016/04/11/matrix-scan-single-matrix_2016-04-11.074041_P06Izz.tab is used
WARNING only first matrix in /tmp/.rsat_tmp_dir/2016/04/11/matrix-scan-single-matrix_2016-04-11.074041_zQnU4U.tab is used
WARNING only first matrix in /tmp/.rsat_tmp_dir/2016/04/11/matrix-scan-single-matrix_2016-04-11.074041_25KYv0.tab is used
WARNING only first matrix in /tmp/.rsat_tmp_dir/2016/04/11/matrix-scan-single-matrix_2016-04-11.074043_8YO1HI.tab is used
WARNING only first matrix in /tmp/.rsat_tmp_dir/2016/04/11/matrix-scan-single-matrix_2016-04-11.074045_E1pTUa.tab is used
WARNING only first matrix in /tmp/.rsat_tmp_dir/2016/04/11/matrix-scan-single-matrix_2016-04-11.074047_y32Vi1.tab is used
WARNING only first matrix in /tmp/.rsat_tmp_dir/2016/04/11/matrix-scan-single-matrix_2016-04-11.074045_qleQ2V.tab is used
WARNING only first matrix in /tmp/.rsat_tmp_dir/2016/04/11/matrix-scan-single-matrix_2016-04-11.074046_bEB7sZ.tab is used
WARNING only first matrix in /tmp/.rsat_tmp_dir/2016/04/11/matrix-scan-single-matrix_2016-04-11.074049_E90dIM.tab is used
WARNING only first matrix in /tmp/.rsat_tmp_dir/2016/04/11/matrix-scan-single-matrix_2016-04-11.074049_WLuBQM.tab is used
WARNING only first matrix in /tmp/.rsat_tmp_dir/2016/04/11/matrix-scan-single-matrix_2016-04-11.074051_JYp1h4.tab is used
WARNING only first matrix in /tmp/.rsat_tmp_dir/2016/04/11/matrix-scan-single-matrix_2016-04-11.074052_n2CSdI.tab is used
WARNING only first matrix in /tmp/.rsat_tmp_dir/2016/04/11/matrix-scan-single-matrix_2016-04-11.074052_UlJCbP.tab is used
WARNING only first matrix in /tmp/.rsat_tmp_dir/2016/04/11/matrix-scan-single-matrix_2016-04-11.074054_MBd9t6.tab is used
WARNING only first matrix in /tmp/.rsat_tmp_dir/2016/04/11/matrix-scan-single-matrix_2016-04-11.074056_LaKqOl.tab is used
WARNING only first matrix in /tmp/.rsat_tmp_dir/2016/04/11/matrix-scan-single-matrix_2016-04-11.074056_uDOBGt.tab is used
WARNING only first matrix in /tmp/.rsat_tmp_dir/2016/04/11/matrix-scan-single-matrix_2016-04-11.074057_WLOWbv.tab is used
WARNING only first matrix in /tmp/.rsat_tmp_dir/2016/04/11/matrix-scan-single-matrix_2016-04-11.074059_GHK35t.tab is used
WARNING only first matrix in /tmp/.rsat_tmp_dir/2016/04/11/matrix-scan-single-matrix_2016-04-11.074100_d2tAnl.tab is used
WARNING only first matrix in /tmp/.rsat_tmp_dir/2016/04/11/matrix-scan-single-matrix_2016-04-11.074102_P6LfXJ.tab is used
WARNING only first matrix in /tmp/.rsat_tmp_dir/2016/04/11/matrix-scan-single-matrix_2016-04-11.074103_BC2cgD.tab is used
WARNING only first matrix in /tmp/.rsat_tmp_dir/2016/04/11/matrix-scan-single-matrix_2016-04-11.074103_vRO5sq.tab is used
WARNING only first matrix in /tmp/.rsat_tmp_dir/2016/04/11/matrix-scan-single-matrix_2016-04-11.074104_ANjiWC.tab is used
WARNING only first matrix in /tmp/.rsat_tmp_dir/2016/04/11/matrix-scan-single-matrix_2016-04-11.074105_p5DRtc.tab is used
WARNING only first matrix in /tmp/.rsat_tmp_dir/2016/04/11/matrix-scan-single-matrix_2016-04-11.074105_y8AZXf.tab is used
WARNING only first matrix in /tmp/.rsat_tmp_dir/2016/04/11/matrix-scan-single-matrix_2016-04-11.074106_2ThCDW.tab is used
WARNING only first matrix in /tmp/.rsat_tmp_dir/2016/04/11/matrix-scan-single-matrix_2016-04-11.074106_ofyyAm.tab is used
WARNING only first matrix in /tmp/.rsat_tmp_dir/2016/04/11/matrix-scan-single-matrix_2016-04-11.074107_DQHUko.tab is used
WARNING only first matrix in /tmp/.rsat_tmp_dir/2016/04/11/matrix-scan-single-matrix_2016-04-11.074108_7bcFQm.tab is used
WARNING only first matrix in /tmp/.rsat_tmp_dir/2016/04/11/matrix-scan-single-matrix_2016-04-11.074108_U10XoL.tab is used
WARNING only first matrix in /tmp/.rsat_tmp_dir/2016/04/11/matrix-scan-single-matrix_2016-04-11.074110_uzSaqG.tab is used
WARNING only first matrix in /tmp/.rsat_tmp_dir/2016/04/11/matrix-scan-single-matrix_2016-04-11.074110_t2lSHn.tab is used
WARNING only first matrix in /tmp/.rsat_tmp_dir/2016/04/11/matrix-scan-single-matrix_2016-04-11.074110_i4bB69.tab is used
WARNING only first matrix in /tmp/.rsat_tmp_dir/2016/04/11/matrix-scan-single-matrix_2016-04-11.074112_UyoFqj.tab is used
WARNING only first matrix in /tmp/.rsat_tmp_dir/2016/04/11/matrix-scan-single-matrix_2016-04-11.074112_PVFxOz.tab is used
WARNING only first matrix in /tmp/.rsat_tmp_dir/2016/04/11/matrix-scan-single-matrix_2016-04-11.074113_K92h6q.tab is used
WARNING only first matrix in /tmp/.rsat_tmp_dir/2016/04/11/matrix-scan-single-matrix_2016-04-11.074114_eEula7.tab is used
WARNING only first matrix in /tmp/.rsat_tmp_dir/2016/04/11/matrix-scan-single-matrix_2016-04-11.074114_XcthnR.tab is used
WARNING only first matrix in /tmp/.rsat_tmp_dir/2016/04/11/matrix-scan-single-matrix_2016-04-11.074116_4K7T1x.tab is used
WARNING only first matrix in /tmp/.rsat_tmp_dir/2016/04/11/matrix-scan-single-matrix_2016-04-11.074116_03NsPk.tab is used
WARNING only first matrix in /tmp/.rsat_tmp_dir/2016/04/11/matrix-scan-single-matrix_2016-04-11.074116_LQN16u.tab is used
WARNING only first matrix in /tmp/.rsat_tmp_dir/2016/04/11/matrix-scan-single-matrix_2016-04-11.074118_qWLN0G.tab is used
WARNING only first matrix in /tmp/.rsat_tmp_dir/2016/04/11/matrix-scan-single-matrix_2016-04-11.074118_TkeFAb.tab is used
WARNING only first matrix in /tmp/.rsat_tmp_dir/2016/04/11/matrix-scan-single-matrix_2016-04-11.074118_X3ze08.tab is used
WARNING only first matrix in /tmp/.rsat_tmp_dir/2016/04/11/matrix-scan-single-matrix_2016-04-11.074120_UKxNf4.tab is used
WARNING only first matrix in /tmp/.rsat_tmp_dir/2016/04/11/matrix-scan-single-matrix_2016-04-11.074120_acmRCr.tab is used
WARNING only first matrix in /tmp/.rsat_tmp_dir/2016/04/11/matrix-scan-single-matrix_2016-04-11.074121_jQJaG8.tab is used
WARNING only first matrix in /tmp/.rsat_tmp_dir/2016/04/11/matrix-scan-single-matrix_2016-04-11.074122_GF2mPU.tab is used
WARNING only first matrix in /tmp/.rsat_tmp_dir/2016/04/11/matrix-scan-single-matrix_2016-04-11.074122_nUwDVT.tab is used
WARNING only first matrix in /tmp/.rsat_tmp_dir/2016/04/11/matrix-scan-single-matrix_2016-04-11.074124_ypkVhY.tab is used
WARNING only first matrix in /tmp/.rsat_tmp_dir/2016/04/11/matrix-scan-single-matrix_2016-04-11.074124_LyDUc0.tab is used
WARNING only first matrix in /tmp/.rsat_tmp_dir/2016/04/11/matrix-scan-single-matrix_2016-04-11.074123_XjTh2X.tab is used
WARNING only first matrix in /tmp/.rsat_tmp_dir/2016/04/11/matrix-scan-single-matrix_2016-04-11.074126_MkCR0l.tab is used
WARNING only first matrix in /tmp/.rsat_tmp_dir/2016/04/11/matrix-scan-single-matrix_2016-04-11.074126_mTCtxv.tab is used
WARNING only first matrix in /tmp/.rsat_tmp_dir/2016/04/11/matrix-scan-single-matrix_2016-04-11.074126_MFopid.tab is used
WARNING only first matrix in /tmp/.rsat_tmp_dir/2016/04/11/matrix-scan-single-matrix_2016-04-11.074127_3WJhGG.tab is used
WARNING only first matrix in /tmp/.rsat_tmp_dir/2016/04/11/matrix-scan-single-matrix_2016-04-11.074128_0HXTtU.tab is used
WARNING only first matrix in /tmp/.rsat_tmp_dir/2016/04/11/matrix-scan-single-matrix_2016-04-11.074129_eLxvHP.tab is used
WARNING only first matrix in /tmp/.rsat_tmp_dir/2016/04/11/matrix-scan-single-matrix_2016-04-11.074129_ukc1Ww.tab is used
WARNING only first matrix in /tmp/.rsat_tmp_dir/2016/04/11/matrix-scan-single-matrix_2016-04-11.074130_pRTjmi.tab is used
WARNING only first matrix in /tmp/.rsat_tmp_dir/2016/04/11/matrix-scan-single-matrix_2016-04-11.074131_beBgtt.tab is used
WARNING only first matrix in /tmp/.rsat_tmp_dir/2016/04/11/matrix-scan-single-matrix_2016-04-11.074132_c8qJxA.tab is used
WARNING only first matrix in /tmp/.rsat_tmp_dir/2016/04/11/matrix-scan-single-matrix_2016-04-11.074132_gVxX59.tab is used
WARNING only first matrix in /tmp/.rsat_tmp_dir/2016/04/11/matrix-scan-single-matrix_2016-04-11.074134_TNFWXm.tab is used
WARNING only first matrix in /tmp/.rsat_tmp_dir/2016/04/11/matrix-scan-single-matrix_2016-04-11.074134_86GALq.tab is used
WARNING only first matrix in /tmp/.rsat_tmp_dir/2016/04/11/matrix-scan-single-matrix_2016-04-11.074134_prRiIV.tab is used
WARNING only first matrix in /tmp/.rsat_tmp_dir/2016/04/11/matrix-scan-single-matrix_2016-04-11.074136_OSkxVt.tab is used
WARNING only first matrix in /tmp/.rsat_tmp_dir/2016/04/11/matrix-scan-single-matrix_2016-04-11.074136_lbiXZo.tab is used
WARNING only first matrix in /tmp/.rsat_tmp_dir/2016/04/11/matrix-scan-single-matrix_2016-04-11.074136_4qnT1C.tab is used
WARNING only first matrix in /tmp/.rsat_tmp_dir/2016/04/11/matrix-scan-single-matrix_2016-04-11.074138_K6RETR.tab is used
WARNING only first matrix in /tmp/.rsat_tmp_dir/2016/04/11/matrix-scan-single-matrix_2016-04-11.074139_4yBzZu.tab is used
WARNING only first matrix in /tmp/.rsat_tmp_dir/2016/04/11/matrix-scan-single-matrix_2016-04-11.074139_ezcWpw.tab is used
WARNING only first matrix in /tmp/.rsat_tmp_dir/2016/04/11/matrix-scan-single-matrix_2016-04-11.074141_jQdP77.tab is used
WARNING only first matrix in /tmp/.rsat_tmp_dir/2016/04/11/matrix-scan-single-matrix_2016-04-11.074141_wyIZZJ.tab is used
WARNING only first matrix in /tmp/.rsat_tmp_dir/2016/04/11/matrix-scan-single-matrix_2016-04-11.074142_RishT9.tab is used
WARNING only first matrix in /tmp/.rsat_tmp_dir/2016/04/11/matrix-scan-single-matrix_2016-04-11.074142_PVgksQ.tab is used
WARNING only first matrix in /tmp/.rsat_tmp_dir/2016/04/11/matrix-scan-single-matrix_2016-04-11.074145_0FKGHV.tab is used
WARNING only first matrix in /tmp/.rsat_tmp_dir/2016/04/11/matrix-scan-single-matrix_2016-04-11.074145_ULfGYR.tab is used
WARNING only first matrix in /tmp/.rsat_tmp_dir/2016/04/11/matrix-scan-single-matrix_2016-04-11.074147_qLEweY.tab is used
WARNING only first matrix in /tmp/.rsat_tmp_dir/2016/04/11/matrix-scan-single-matrix_2016-04-11.074145_khcygA.tab is used
WARNING only first matrix in /tmp/.rsat_tmp_dir/2016/04/11/matrix-scan-single-matrix_2016-04-11.074147_L0rDOq.tab is used
WARNING only first matrix in /tmp/.rsat_tmp_dir/2016/04/11/matrix-scan-single-matrix_2016-04-11.074149_kvyqy7.tab is used
WARNING only first matrix in /tmp/.rsat_tmp_dir/2016/04/11/matrix-scan-single-matrix_2016-04-11.074149_Pxg82D.tab is used
WARNING only first matrix in /tmp/.rsat_tmp_dir/2016/04/11/matrix-scan-single-matrix_2016-04-11.074150_glZU5k.tab is used
WARNING only first matrix in /tmp/.rsat_tmp_dir/2016/04/11/matrix-scan-single-matrix_2016-04-11.074151_N7Kd3M.tab is used
WARNING only first matrix in /tmp/.rsat_tmp_dir/2016/04/11/matrix-scan-single-matrix_2016-04-11.074151_yegpST.tab is used
WARNING only first matrix in /tmp/.rsat_tmp_dir/2016/04/11/matrix-scan-single-matrix_2016-04-11.074152_KjQBRJ.tab is used
WARNING only first matrix in /tmp/.rsat_tmp_dir/2016/04/11/matrix-scan-single-matrix_2016-04-11.074152_NQc2QC.tab is used
WARNING only first matrix in /tmp/.rsat_tmp_dir/2016/04/11/matrix-scan-single-matrix_2016-04-11.074154_LYBqbm.tab is used
WARNING only first matrix in /tmp/.rsat_tmp_dir/2016/04/11/matrix-scan-single-matrix_2016-04-11.074153_PNx5Py.tab is used
WARNING only first matrix in /tmp/.rsat_tmp_dir/2016/04/11/matrix-scan-single-matrix_2016-04-11.074154_nCYkRm.tab is used
WARNING only first matrix in /tmp/.rsat_tmp_dir/2016/04/11/matrix-scan-single-matrix_2016-04-11.074155_BEanRF.tab is used
WARNING only first matrix in /tmp/.rsat_tmp_dir/2016/04/11/matrix-scan-single-matrix_2016-04-11.074156_C22vkO.tab is used
WARNING only first matrix in /tmp/.rsat_tmp_dir/2016/04/11/matrix-scan-single-matrix_2016-04-11.074157_FX3Mfb.tab is used
WARNING only first matrix in /tmp/.rsat_tmp_dir/2016/04/11/matrix-scan-single-matrix_2016-04-11.074159_dwCERy.tab is used
WARNING only first matrix in /tmp/.rsat_tmp_dir/2016/04/11/matrix-scan-single-matrix_2016-04-11.074200_mwS6rx.tab is used
WARNING only first matrix in /tmp/.rsat_tmp_dir/2016/04/11/matrix-scan-single-matrix_2016-04-11.074202_96jvBH.tab is used
WARNING only first matrix in /tmp/.rsat_tmp_dir/2016/04/11/matrix-scan-single-matrix_2016-04-11.074204_2xKOwT.tab is used
WARNING only first matrix in /tmp/.rsat_tmp_dir/2016/04/11/matrix-scan-single-matrix_2016-04-11.074205_DWJRQI.tab is used
WARNING only first matrix in /tmp/.rsat_tmp_dir/2016/04/11/matrix-scan-single-matrix_2016-04-11.074206_085owJ.tab is used
WARNING only first matrix in /tmp/.rsat_tmp_dir/2016/04/11/matrix-scan-single-matrix_2016-04-11.074208_aSBTcE.tab is used
WARNING only first matrix in /tmp/.rsat_tmp_dir/2016/04/11/matrix-scan-single-matrix_2016-04-11.074208_yb1qUc.tab is used
WARNING only first matrix in /tmp/.rsat_tmp_dir/2016/04/11/matrix-scan-single-matrix_2016-04-11.074210_Bl41fQ.tab is used
WARNING only first matrix in /tmp/.rsat_tmp_dir/2016/04/11/matrix-scan-single-matrix_2016-04-11.074211_RT6qT8.tab is used
WARNING only first matrix in /tmp/.rsat_tmp_dir/2016/04/11/matrix-scan-single-matrix_2016-04-11.074212_jhjMad.tab is used
WARNING only first matrix in /tmp/.rsat_tmp_dir/2016/04/11/matrix-scan-single-matrix_2016-04-11.074214_iDZyV0.tab is used
WARNING only first matrix in /tmp/.rsat_tmp_dir/2016/04/11/matrix-scan-single-matrix_2016-04-11.074214_V6Wk05.tab is used
WARNING only first matrix in /tmp/.rsat_tmp_dir/2016/04/11/matrix-scan-single-matrix_2016-04-11.074216_ADaKGe.tab is used
WARNING only first matrix in /tmp/.rsat_tmp_dir/2016/04/11/matrix-scan-single-matrix_2016-04-11.074217_gPe3qE.tab is used
WARNING only first matrix in /tmp/.rsat_tmp_dir/2016/04/11/matrix-scan-single-matrix_2016-04-11.074218_9IhLNY.tab is used
WARNING only first matrix in /tmp/.rsat_tmp_dir/2016/04/11/matrix-scan-single-matrix_2016-04-11.074218_gFYYZt.tab is used
WARNING only first matrix in /tmp/.rsat_tmp_dir/2016/04/11/matrix-scan-single-matrix_2016-04-11.074221_u1c1Z3.tab is used
WARNING only first matrix in /tmp/.rsat_tmp_dir/2016/04/11/matrix-scan-single-matrix_2016-04-11.074222_ZmEfx7.tab is used
WARNING only first matrix in /tmp/.rsat_tmp_dir/2016/04/11/matrix-scan-single-matrix_2016-04-11.074228_ND3Cdn.tab is used
WARNING only first matrix in /tmp/.rsat_tmp_dir/2016/04/11/matrix-scan-single-matrix_2016-04-11.074228_vcvBbz.tab is used
WARNING only first matrix in /tmp/.rsat_tmp_dir/2016/04/11/matrix-scan-single-matrix_2016-04-11.074233_KNVdzt.tab is used
WARNING only first matrix in /tmp/.rsat_tmp_dir/2016/04/11/matrix-scan-single-matrix_2016-04-11.074232_EOEesA.tab is used
WARNING only first matrix in /tmp/.rsat_tmp_dir/2016/04/11/matrix-scan-single-matrix_2016-04-11.074228_ng1TjB.tab is used
WARNING only first matrix in /tmp/.rsat_tmp_dir/2016/04/11/matrix-scan-single-matrix_2016-04-11.074235_SDFM4H.tab is used
WARNING only first matrix in /tmp/.rsat_tmp_dir/2016/04/11/matrix-scan-single-matrix_2016-04-11.074235_5eFAfw.tab is used
WARNING only first matrix in /tmp/.rsat_tmp_dir/2016/04/11/matrix-scan-single-matrix_2016-04-11.074236_7AhbzQ.tab is used
WARNING only first matrix in /tmp/.rsat_tmp_dir/2016/04/11/matrix-scan-single-matrix_2016-04-11.074238_WxNKSO.tab is used
WARNING only first matrix in /tmp/.rsat_tmp_dir/2016/04/11/matrix-scan-single-matrix_2016-04-11.074239_dyNNEa.tab is used
WARNING only first matrix in /tmp/.rsat_tmp_dir/2016/04/11/matrix-scan-single-matrix_2016-04-11.074241_Dp1mcA.tab is used
WARNING only first matrix in /tmp/.rsat_tmp_dir/2016/04/11/matrix-scan-single-matrix_2016-04-11.074241_9RF41o.tab is used
WARNING only first matrix in /tmp/.rsat_tmp_dir/2016/04/11/matrix-scan-single-matrix_2016-04-11.074244_nLDjxt.tab is used
WARNING only first matrix in /tmp/.rsat_tmp_dir/2016/04/11/matrix-scan-single-matrix_2016-04-11.074244_zCj4NN.tab is used
WARNING only first matrix in /tmp/.rsat_tmp_dir/2016/04/11/matrix-scan-single-matrix_2016-04-11.074247_z7V17m.tab is used
WARNING only first matrix in /tmp/.rsat_tmp_dir/2016/04/11/matrix-scan-single-matrix_2016-04-11.074248_FwVbI6.tab is used
WARNING only first matrix in /tmp/.rsat_tmp_dir/2016/04/11/matrix-scan-single-matrix_2016-04-11.074250_Q5KBa3.tab is used
WARNING only first matrix in /tmp/.rsat_tmp_dir/2016/04/11/matrix-scan-single-matrix_2016-04-11.074251_losWtL.tab is used
WARNING only first matrix in /tmp/.rsat_tmp_dir/2016/04/11/matrix-scan-single-matrix_2016-04-11.074250_maQ3zL.tab is used
WARNING only first matrix in /tmp/.rsat_tmp_dir/2016/04/11/matrix-scan-single-matrix_2016-04-11.074255_64Ypn3.tab is used
WARNING only first matrix in /tmp/.rsat_tmp_dir/2016/04/11/matrix-scan-single-matrix_2016-04-11.074257_VPUhtz.tab is used
WARNING only first matrix in /tmp/.rsat_tmp_dir/2016/04/11/matrix-scan-single-matrix_2016-04-11.074300_9v1Pt6.tab is used
WARNING only first matrix in /tmp/.rsat_tmp_dir/2016/04/11/matrix-scan-single-matrix_2016-04-11.074259_tD5aA7.tab is used
WARNING only first matrix in /tmp/.rsat_tmp_dir/2016/04/11/matrix-scan-single-matrix_2016-04-11.074303_hmACdV.tab is used
WARNING only first matrix in /tmp/.rsat_tmp_dir/2016/04/11/matrix-scan-single-matrix_2016-04-11.074303_V3RDbR.tab is used
WARNING only first matrix in /tmp/.rsat_tmp_dir/2016/04/11/matrix-scan-single-matrix_2016-04-11.074258_ZA2Cw4.tab is used
WARNING only first matrix in /tmp/.rsat_tmp_dir/2016/04/11/matrix-scan-single-matrix_2016-04-11.074306_FXRyuJ.tab is used
WARNING only first matrix in /tmp/.rsat_tmp_dir/2016/04/11/matrix-scan-single-matrix_2016-04-11.074307_CiJbbX.tab is used
WARNING only first matrix in /tmp/.rsat_tmp_dir/2016/04/11/matrix-scan-single-matrix_2016-04-11.074308_jjITtI.tab is used
WARNING only first matrix in /tmp/.rsat_tmp_dir/2016/04/11/matrix-scan-single-matrix_2016-04-11.074310_HnZyh0.tab is used
WARNING only first matrix in /tmp/.rsat_tmp_dir/2016/04/11/matrix-scan-single-matrix_2016-04-11.074313_Mh6qIs.tab is used
WARNING only first matrix in /tmp/.rsat_tmp_dir/2016/04/11/matrix-scan-single-matrix_2016-04-11.074317_agYbPX.tab is used
WARNING only first matrix in /tmp/.rsat_tmp_dir/2016/04/11/matrix-scan-single-matrix_2016-04-11.074316_0GToOd.tab is used
WARNING only first matrix in /tmp/.rsat_tmp_dir/2016/04/11/matrix-scan-single-matrix_2016-04-11.074322_qmFQW6.tab is used
WARNING only first matrix in /tmp/.rsat_tmp_dir/2016/04/11/matrix-scan-single-matrix_2016-04-11.074318_TPRAHm.tab is used
WARNING only first matrix in /tmp/.rsat_tmp_dir/2016/04/11/matrix-scan-single-matrix_2016-04-11.074327_2e8ruI.tab is used
WARNING only first matrix in /tmp/.rsat_tmp_dir/2016/04/11/matrix-scan-single-matrix_2016-04-11.074329_DhEDk9.tab is used
WARNING only first matrix in /tmp/.rsat_tmp_dir/2016/04/11/matrix-scan-single-matrix_2016-04-11.074328_dDO0aN.tab is used
WARNING only first matrix in /tmp/.rsat_tmp_dir/2016/04/11/matrix-scan-single-matrix_2016-04-11.074332_rddDIo.tab is used
WARNING only first matrix in /tmp/.rsat_tmp_dir/2016/04/11/matrix-scan-single-matrix_2016-04-11.074332_wd3ONl.tab is used
WARNING only first matrix in /tmp/.rsat_tmp_dir/2016/04/11/matrix-scan-single-matrix_2016-04-11.074333_jhJb9h.tab is used
WARNING only first matrix in /tmp/.rsat_tmp_dir/2016/04/11/matrix-scan-single-matrix_2016-04-11.074336_U9gdOw.tab is used
WARNING only first matrix in /tmp/.rsat_tmp_dir/2016/04/11/matrix-scan-single-matrix_2016-04-11.074337_oMh2gO.tab is used
WARNING only first matrix in /tmp/.rsat_tmp_dir/2016/04/11/matrix-scan-single-matrix_2016-04-11.074338_J4fxlT.tab is used
WARNING only first matrix in /tmp/.rsat_tmp_dir/2016/04/11/matrix-scan-single-matrix_2016-04-11.074340_Mba4XH.tab is used
WARNING only first matrix in /tmp/.rsat_tmp_dir/2016/04/11/matrix-scan-single-matrix_2016-04-11.074341_h2ja7D.tab is used
WARNING only first matrix in /tmp/.rsat_tmp_dir/2016/04/11/matrix-scan-single-matrix_2016-04-11.074343_jKbbhW.tab is used
WARNING only first matrix in /tmp/.rsat_tmp_dir/2016/04/11/matrix-scan-single-matrix_2016-04-11.074345_rjAZd0.tab is used
WARNING only first matrix in /tmp/.rsat_tmp_dir/2016/04/11/matrix-scan-single-matrix_2016-04-11.074346_hiJ0Ld.tab is used
WARNING only first matrix in /tmp/.rsat_tmp_dir/2016/04/11/matrix-scan-single-matrix_2016-04-11.074350_31mdpy.tab is used
WARNING only first matrix in /tmp/.rsat_tmp_dir/2016/04/11/matrix-scan-single-matrix_2016-04-11.074351_rqJWkg.tab is used
WARNING only first matrix in /tmp/.rsat_tmp_dir/2016/04/11/matrix-scan-single-matrix_2016-04-11.074352_LVKcoL.tab is used
WARNING only first matrix in /tmp/.rsat_tmp_dir/2016/04/11/matrix-scan-single-matrix_2016-04-11.074354_ynVLa7.tab is used
WARNING only first matrix in /tmp/.rsat_tmp_dir/2016/04/11/matrix-scan-single-matrix_2016-04-11.074356_eI4C2k.tab is used
WARNING only first matrix in /tmp/.rsat_tmp_dir/2016/04/11/matrix-scan-single-matrix_2016-04-11.074358_qg6cZE.tab is used
WARNING only first matrix in /tmp/.rsat_tmp_dir/2016/04/11/matrix-scan-single-matrix_2016-04-11.074357_Bqk8Ys.tab is used
WARNING only first matrix in /tmp/.rsat_tmp_dir/2016/04/11/matrix-scan-single-matrix_2016-04-11.074401_XxaKS0.tab is used
WARNING only first matrix in /tmp/.rsat_tmp_dir/2016/04/11/matrix-scan-single-matrix_2016-04-11.074403_p9z1Gy.tab is used
WARNING only first matrix in /tmp/.rsat_tmp_dir/2016/04/11/matrix-scan-single-matrix_2016-04-11.074402_B7XZRJ.tab is used
WARNING only first matrix in /tmp/.rsat_tmp_dir/2016/04/11/matrix-scan-single-matrix_2016-04-11.074402_HZ3haW.tab is used
WARNING only first matrix in /tmp/.rsat_tmp_dir/2016/04/11/matrix-scan-single-matrix_2016-04-11.074405_k4jBu2.tab is used
WARNING only first matrix in /tmp/.rsat_tmp_dir/2016/04/11/matrix-scan-single-matrix_2016-04-11.074405_dHodBw.tab is used
WARNING only first matrix in /tmp/.rsat_tmp_dir/2016/04/11/matrix-scan-single-matrix_2016-04-11.074406_MNCmag.tab is used
WARNING only first matrix in /tmp/.rsat_tmp_dir/2016/04/11/matrix-scan-single-matrix_2016-04-11.074408_Nyu0zv.tab is used
WARNING only first matrix in /tmp/.rsat_tmp_dir/2016/04/11/matrix-scan-single-matrix_2016-04-11.074408_8rxSOV.tab is used
WARNING only first matrix in /tmp/.rsat_tmp_dir/2016/04/11/matrix-scan-single-matrix_2016-04-11.074408_QpciES.tab is used
WARNING only first matrix in /tmp/.rsat_tmp_dir/2016/04/11/matrix-scan-single-matrix_2016-04-11.074411_GtzIoQ.tab is used
WARNING only first matrix in /tmp/.rsat_tmp_dir/2016/04/11/matrix-scan-single-matrix_2016-04-11.074412_sr8nCc.tab is used
WARNING only first matrix in /tmp/.rsat_tmp_dir/2016/04/11/matrix-scan-single-matrix_2016-04-11.074411_8YNrbF.tab is used
WARNING only first matrix in /tmp/.rsat_tmp_dir/2016/04/11/matrix-scan-single-matrix_2016-04-11.074414_emUDoa.tab is used
WARNING only first matrix in /tmp/.rsat_tmp_dir/2016/04/11/matrix-scan-single-matrix_2016-04-11.074415_4jRYW5.tab is used
WARNING only first matrix in /tmp/.rsat_tmp_dir/2016/04/11/matrix-scan-single-matrix_2016-04-11.074415_zqXOzC.tab is used
WARNING only first matrix in /tmp/.rsat_tmp_dir/2016/04/11/matrix-scan-single-matrix_2016-04-11.074416_WX4ZN5.tab is used
WARNING only first matrix in /tmp/.rsat_tmp_dir/2016/04/11/matrix-scan-single-matrix_2016-04-11.074418_e0IzB4.tab is used
WARNING only first matrix in /tmp/.rsat_tmp_dir/2016/04/11/matrix-scan-single-matrix_2016-04-11.074418_Y0xqt5.tab is used
WARNING only first matrix in /tmp/.rsat_tmp_dir/2016/04/11/matrix-scan-single-matrix_2016-04-11.074419_zs5Pjw.tab is used
WARNING only first matrix in /tmp/.rsat_tmp_dir/2016/04/11/matrix-scan-single-matrix_2016-04-11.074421_5Fz49F.tab is used
WARNING only first matrix in /tmp/.rsat_tmp_dir/2016/04/11/matrix-scan-single-matrix_2016-04-11.074421_w7IGsl.tab is used
WARNING only first matrix in /tmp/.rsat_tmp_dir/2016/04/11/matrix-scan-single-matrix_2016-04-11.074423_gCDAeb.tab is used
WARNING only first matrix in /tmp/.rsat_tmp_dir/2016/04/11/matrix-scan-single-matrix_2016-04-11.074424_9skjX2.tab is used
WARNING only first matrix in /tmp/.rsat_tmp_dir/2016/04/11/matrix-scan-single-matrix_2016-04-11.074423_7oHrUK.tab is used
WARNING only first matrix in /tmp/.rsat_tmp_dir/2016/04/11/matrix-scan-single-matrix_2016-04-11.074425_bUvOdU.tab is used
WARNING only first matrix in /tmp/.rsat_tmp_dir/2016/04/11/matrix-scan-single-matrix_2016-04-11.074426_ZX3sPg.tab is used
WARNING only first matrix in /tmp/.rsat_tmp_dir/2016/04/11/matrix-scan-single-matrix_2016-04-11.074427_kQgOJz.tab is used
WARNING only first matrix in /tmp/.rsat_tmp_dir/2016/04/11/matrix-scan-single-matrix_2016-04-11.074427_r0dCwU.tab is used
WARNING only first matrix in /tmp/.rsat_tmp_dir/2016/04/11/matrix-scan-single-matrix_2016-04-11.074428_TQC3EZ.tab is used
WARNING only first matrix in /tmp/.rsat_tmp_dir/2016/04/11/matrix-scan-single-matrix_2016-04-11.074429_04igHA.tab is used
WARNING only first matrix in /tmp/.rsat_tmp_dir/2016/04/11/matrix-scan-single-matrix_2016-04-11.074430_HHIf5d.tab is used
WARNING only first matrix in /tmp/.rsat_tmp_dir/2016/04/11/matrix-scan-single-matrix_2016-04-11.074430_17RCiW.tab is used
WARNING only first matrix in /tmp/.rsat_tmp_dir/2016/04/11/matrix-scan-single-matrix_2016-04-11.074432_Y6gn3R.tab is used
WARNING only first matrix in /tmp/.rsat_tmp_dir/2016/04/11/matrix-scan-single-matrix_2016-04-11.074432_xyLjOA.tab is used
WARNING only first matrix in /tmp/.rsat_tmp_dir/2016/04/11/matrix-scan-single-matrix_2016-04-11.074432_g5WjL0.tab is used
WARNING only first matrix in /tmp/.rsat_tmp_dir/2016/04/11/matrix-scan-single-matrix_2016-04-11.074434_wn8qO5.tab is used
WARNING only first matrix in /tmp/.rsat_tmp_dir/2016/04/11/matrix-scan-single-matrix_2016-04-11.074434_maBo29.tab is used
WARNING only first matrix in /tmp/.rsat_tmp_dir/2016/04/11/matrix-scan-single-matrix_2016-04-11.074435_Q8NWSy.tab is used
WARNING only first matrix in /tmp/.rsat_tmp_dir/2016/04/11/matrix-scan-single-matrix_2016-04-11.074436_JSb7Rm.tab is used
WARNING only first matrix in /tmp/.rsat_tmp_dir/2016/04/11/matrix-scan-single-matrix_2016-04-11.074437_bc4SMt.tab is used
WARNING only first matrix in /tmp/.rsat_tmp_dir/2016/04/11/matrix-scan-single-matrix_2016-04-11.074439_fM5k5t.tab is used
WARNING only first matrix in /tmp/.rsat_tmp_dir/2016/04/11/matrix-scan-single-matrix_2016-04-11.074439_tSeN7C.tab is used
WARNING only first matrix in /tmp/.rsat_tmp_dir/2016/04/11/matrix-scan-single-matrix_2016-04-11.074439_pzVWgL.tab is used
WARNING only first matrix in /tmp/.rsat_tmp_dir/2016/04/11/matrix-scan-single-matrix_2016-04-11.074441_yFDFyB.tab is used
WARNING only first matrix in /tmp/.rsat_tmp_dir/2016/04/11/matrix-scan-single-matrix_2016-04-11.074443_BImwCi.tab is used
WARNING only first matrix in /tmp/.rsat_tmp_dir/2016/04/11/matrix-scan-single-matrix_2016-04-11.074443_bEsL1F.tab is used
WARNING only first matrix in /tmp/.rsat_tmp_dir/2016/04/11/matrix-scan-single-matrix_2016-04-11.074447_jl5gqE.tab is used
WARNING only first matrix in /tmp/.rsat_tmp_dir/2016/04/11/matrix-scan-single-matrix_2016-04-11.074451_AMXmtc.tab is used
WARNING only first matrix in /tmp/.rsat_tmp_dir/2016/04/11/matrix-scan-single-matrix_2016-04-11.074446_rihthU.tab is used
WARNING only first matrix in /tmp/.rsat_tmp_dir/2016/04/11/matrix-scan-single-matrix_2016-04-11.074448_xrQqnv.tab is used
WARNING only first matrix in /tmp/.rsat_tmp_dir/2016/04/11/matrix-scan-single-matrix_2016-04-11.074454_nSOP9a.tab is used
WARNING only first matrix in /tmp/.rsat_tmp_dir/2016/04/11/matrix-scan-single-matrix_2016-04-11.074454_UtcQ45.tab is used
WARNING only first matrix in /tmp/.rsat_tmp_dir/2016/04/11/matrix-scan-single-matrix_2016-04-11.074454_tmdwPL.tab is used
WARNING only first matrix in /tmp/.rsat_tmp_dir/2016/04/11/matrix-scan-single-matrix_2016-04-11.074458_Yld00m.tab is used
WARNING only first matrix in /tmp/.rsat_tmp_dir/2016/04/11/matrix-scan-single-matrix_2016-04-11.074458_d6vdqR.tab is used
WARNING only first matrix in /tmp/.rsat_tmp_dir/2016/04/11/matrix-scan-single-matrix_2016-04-11.074500_jBEM1X.tab is used
WARNING only first matrix in /tmp/.rsat_tmp_dir/2016/04/11/matrix-scan-single-matrix_2016-04-11.074459_MVuheS.tab is used
WARNING only first matrix in /tmp/.rsat_tmp_dir/2016/04/11/matrix-scan-single-matrix_2016-04-11.074501_FIVGCs.tab is used
WARNING only first matrix in /tmp/.rsat_tmp_dir/2016/04/11/matrix-scan-single-matrix_2016-04-11.074504_DE61vr.tab is used
WARNING only first matrix in /tmp/.rsat_tmp_dir/2016/04/11/matrix-scan-single-matrix_2016-04-11.074503_REbNNv.tab is used
WARNING only first matrix in /tmp/.rsat_tmp_dir/2016/04/11/matrix-scan-single-matrix_2016-04-11.074504_98xUs7.tab is used
WARNING only first matrix in /tmp/.rsat_tmp_dir/2016/04/11/matrix-scan-single-matrix_2016-04-11.074506_DjJFK8.tab is used
WARNING only first matrix in /tmp/.rsat_tmp_dir/2016/04/11/matrix-scan-single-matrix_2016-04-11.074507_IEhypG.tab is used
WARNING only first matrix in /tmp/.rsat_tmp_dir/2016/04/11/matrix-scan-single-matrix_2016-04-11.074508_7F9xe5.tab is used
WARNING only first matrix in /tmp/.rsat_tmp_dir/2016/04/11/matrix-scan-single-matrix_2016-04-11.074507_N5oS8n.tab is used
WARNING only first matrix in /tmp/.rsat_tmp_dir/2016/04/11/matrix-scan-single-matrix_2016-04-11.074509_pxkKVD.tab is used
WARNING only first matrix in /tmp/.rsat_tmp_dir/2016/04/11/matrix-scan-single-matrix_2016-04-11.074509_EAYId8.tab is used
WARNING only first matrix in /tmp/.rsat_tmp_dir/2016/04/11/matrix-scan-single-matrix_2016-04-11.074510_VKeOCm.tab is used
WARNING only first matrix in /tmp/.rsat_tmp_dir/2016/04/11/matrix-scan-single-matrix_2016-04-11.074511_SbxTvs.tab is used
WARNING only first matrix in /tmp/.rsat_tmp_dir/2016/04/11/matrix-scan-single-matrix_2016-04-11.074513_ueTCEJ.tab is used
WARNING only first matrix in /tmp/.rsat_tmp_dir/2016/04/11/matrix-scan-single-matrix_2016-04-11.074514_6GD96F.tab is used
WARNING only first matrix in /tmp/.rsat_tmp_dir/2016/04/11/matrix-scan-single-matrix_2016-04-11.074515_e8wiIz.tab is used
WARNING only first matrix in /tmp/.rsat_tmp_dir/2016/04/11/matrix-scan-single-matrix_2016-04-11.074515_gp66nB.tab is used
WARNING only first matrix in /tmp/.rsat_tmp_dir/2016/04/11/matrix-scan-single-matrix_2016-04-11.074515_n43zcA.tab is used
WARNING only first matrix in /tmp/.rsat_tmp_dir/2016/04/11/matrix-scan-single-matrix_2016-04-11.074518_AaFgo9.tab is used
WARNING only first matrix in /tmp/.rsat_tmp_dir/2016/04/11/matrix-scan-single-matrix_2016-04-11.074518_xYykHY.tab is used
WARNING only first matrix in /tmp/.rsat_tmp_dir/2016/04/11/matrix-scan-single-matrix_2016-04-11.074520_VG3gpy.tab is used
WARNING only first matrix in /tmp/.rsat_tmp_dir/2016/04/11/matrix-scan-single-matrix_2016-04-11.074519_AmPYmS.tab is used
WARNING only first matrix in /tmp/.rsat_tmp_dir/2016/04/11/matrix-scan-single-matrix_2016-04-11.074520_7PhoQx.tab is used
WARNING only first matrix in /tmp/.rsat_tmp_dir/2016/04/11/matrix-scan-single-matrix_2016-04-11.074521_9sfAxQ.tab is used
WARNING only first matrix in /tmp/.rsat_tmp_dir/2016/04/11/matrix-scan-single-matrix_2016-04-11.074522_B788R0.tab is used
WARNING only first matrix in /tmp/.rsat_tmp_dir/2016/04/11/matrix-scan-single-matrix_2016-04-11.074524_h7RS8x.tab is used
WARNING only first matrix in /tmp/.rsat_tmp_dir/2016/04/11/matrix-scan-single-matrix_2016-04-11.074524_pGRv9k.tab is used
WARNING only first matrix in /tmp/.rsat_tmp_dir/2016/04/11/matrix-scan-single-matrix_2016-04-11.074524_IvQZHs.tab is used
WARNING only first matrix in /tmp/.rsat_tmp_dir/2016/04/11/matrix-scan-single-matrix_2016-04-11.074527_wwAHVC.tab is used
WARNING only first matrix in /tmp/.rsat_tmp_dir/2016/04/11/matrix-scan-single-matrix_2016-04-11.074528_ogXYcD.tab is used
WARNING only first matrix in /tmp/.rsat_tmp_dir/2016/04/11/matrix-scan-single-matrix_2016-04-11.074530_UdVv8B.tab is used
WARNING only first matrix in /tmp/.rsat_tmp_dir/2016/04/11/matrix-scan-single-matrix_2016-04-11.074529_QFk3mL.tab is used
WARNING only first matrix in /tmp/.rsat_tmp_dir/2016/04/11/matrix-scan-single-matrix_2016-04-11.074532_0oI5FJ.tab is used
WARNING only first matrix in /tmp/.rsat_tmp_dir/2016/04/11/matrix-scan-single-matrix_2016-04-11.074532_34pCSh.tab is used
WARNING only first matrix in /tmp/.rsat_tmp_dir/2016/04/11/matrix-scan-single-matrix_2016-04-11.074533_4T2hdk.tab is used
WARNING only first matrix in /tmp/.rsat_tmp_dir/2016/04/11/matrix-scan-single-matrix_2016-04-11.074534_2DNzC2.tab is used
WARNING only first matrix in /tmp/.rsat_tmp_dir/2016/04/11/matrix-scan-single-matrix_2016-04-11.074536_DTtPV2.tab is used
WARNING only first matrix in /tmp/.rsat_tmp_dir/2016/04/11/matrix-scan-single-matrix_2016-04-11.074536_pe3you.tab is used
WARNING only first matrix in /tmp/.rsat_tmp_dir/2016/04/11/matrix-scan-single-matrix_2016-04-11.074538_dUm2td.tab is used
WARNING only first matrix in /tmp/.rsat_tmp_dir/2016/04/11/matrix-scan-single-matrix_2016-04-11.074538_PuSbRS.tab is used
WARNING only first matrix in /tmp/.rsat_tmp_dir/2016/04/11/matrix-scan-single-matrix_2016-04-11.074539_sFMFoo.tab is used
WARNING only first matrix in /tmp/.rsat_tmp_dir/2016/04/11/matrix-scan-single-matrix_2016-04-11.074536_N0ynNR.tab is used
WARNING only first matrix in /tmp/.rsat_tmp_dir/2016/04/11/matrix-scan-single-matrix_2016-04-11.074541_pKdIv1.tab is used
WARNING only first matrix in /tmp/.rsat_tmp_dir/2016/04/11/matrix-scan-single-matrix_2016-04-11.074541_bZU2fP.tab is used
WARNING only first matrix in /tmp/.rsat_tmp_dir/2016/04/11/matrix-scan-single-matrix_2016-04-11.074542_ESfGDr.tab is used
WARNING only first matrix in /tmp/.rsat_tmp_dir/2016/04/11/matrix-scan-single-matrix_2016-04-11.074544_L6WolM.tab is used
WARNING only first matrix in /tmp/.rsat_tmp_dir/2016/04/11/matrix-scan-single-matrix_2016-04-11.074545_cjOWYf.tab is used
WARNING only first matrix in /tmp/.rsat_tmp_dir/2016/04/11/matrix-scan-single-matrix_2016-04-11.074547_T2StfU.tab is used
WARNING only first matrix in /tmp/.rsat_tmp_dir/2016/04/11/matrix-scan-single-matrix_2016-04-11.074544_ZZW4xW.tab is used
WARNING only first matrix in /tmp/.rsat_tmp_dir/2016/04/11/matrix-scan-single-matrix_2016-04-11.074547_dZzKvh.tab is used
WARNING only first matrix in /tmp/.rsat_tmp_dir/2016/04/11/matrix-scan-single-matrix_2016-04-11.074548_C1YMVF.tab is used
WARNING only first matrix in /tmp/.rsat_tmp_dir/2016/04/11/matrix-scan-single-matrix_2016-04-11.074549_bLACaQ.tab is used
WARNING only first matrix in /tmp/.rsat_tmp_dir/2016/04/11/matrix-scan-single-matrix_2016-04-11.074550_2ldmUg.tab is used
WARNING only first matrix in /tmp/.rsat_tmp_dir/2016/04/11/matrix-scan-single-matrix_2016-04-11.074550_Tnrjil.tab is used
WARNING only first matrix in /tmp/.rsat_tmp_dir/2016/04/11/matrix-scan-single-matrix_2016-04-11.074551_ZhpvlK.tab is used
WARNING only first matrix in /tmp/.rsat_tmp_dir/2016/04/11/matrix-scan-single-matrix_2016-04-11.074552_2APbCg.tab is used
WARNING only first matrix in /tmp/.rsat_tmp_dir/2016/04/11/matrix-scan-single-matrix_2016-04-11.074553_UEvY9v.tab is used
WARNING only first matrix in /tmp/.rsat_tmp_dir/2016/04/11/matrix-scan-single-matrix_2016-04-11.074553_92lm5S.tab is used
WARNING only first matrix in /tmp/.rsat_tmp_dir/2016/04/11/matrix-scan-single-matrix_2016-04-11.074555_yzZ5j0.tab is used
WARNING only first matrix in /tmp/.rsat_tmp_dir/2016/04/11/matrix-scan-single-matrix_2016-04-11.074556_alYpc1.tab is used
WARNING only first matrix in /tmp/.rsat_tmp_dir/2016/04/11/matrix-scan-single-matrix_2016-04-11.074559_52uich.tab is used
WARNING only first matrix in /tmp/.rsat_tmp_dir/2016/04/11/matrix-scan-single-matrix_2016-04-11.074558_GGavoR.tab is used
WARNING only first matrix in /tmp/.rsat_tmp_dir/2016/04/11/matrix-scan-single-matrix_2016-04-11.074602_4XDF8v.tab is used
WARNING only first matrix in /tmp/.rsat_tmp_dir/2016/04/11/matrix-scan-single-matrix_2016-04-11.074603_NTceoV.tab is used
WARNING only first matrix in /tmp/.rsat_tmp_dir/2016/04/11/matrix-scan-single-matrix_2016-04-11.074602_QjsznX.tab is used
WARNING only first matrix in /tmp/.rsat_tmp_dir/2016/04/11/matrix-scan-single-matrix_2016-04-11.074605_wvmX0l.tab is used
WARNING only first matrix in /tmp/.rsat_tmp_dir/2016/04/11/matrix-scan-single-matrix_2016-04-11.074605_sTeN3h.tab is used
WARNING only first matrix in /tmp/.rsat_tmp_dir/2016/04/11/matrix-scan-single-matrix_2016-04-11.074608_zIJZQb.tab is used
WARNING only first matrix in /tmp/.rsat_tmp_dir/2016/04/11/matrix-scan-single-matrix_2016-04-11.074608_JN787C.tab is used
WARNING only first matrix in /tmp/.rsat_tmp_dir/2016/04/11/matrix-scan-single-matrix_2016-04-11.074611_KSpNlK.tab is used
WARNING only first matrix in /tmp/.rsat_tmp_dir/2016/04/11/matrix-scan-single-matrix_2016-04-11.074611_QOHPpP.tab is used
WARNING only first matrix in /tmp/.rsat_tmp_dir/2016/04/11/matrix-scan-single-matrix_2016-04-11.074608_4JGbvh.tab is used
WARNING only first matrix in /tmp/.rsat_tmp_dir/2016/04/11/matrix-scan-single-matrix_2016-04-11.074613_iEMTZ0.tab is used
WARNING only first matrix in /tmp/.rsat_tmp_dir/2016/04/11/matrix-scan-single-matrix_2016-04-11.074614_vhuqdh.tab is used
WARNING only first matrix in /tmp/.rsat_tmp_dir/2016/04/11/matrix-scan-single-matrix_2016-04-11.074615_Uroye2.tab is used
WARNING only first matrix in /tmp/.rsat_tmp_dir/2016/04/11/matrix-scan-single-matrix_2016-04-11.074616_gqavBs.tab is used
WARNING only first matrix in /tmp/.rsat_tmp_dir/2016/04/11/matrix-scan-single-matrix_2016-04-11.074617_7rOFEQ.tab is used
WARNING only first matrix in /tmp/.rsat_tmp_dir/2016/04/11/matrix-scan-single-matrix_2016-04-11.074617_zu1xz4.tab is used
WARNING only first matrix in /tmp/.rsat_tmp_dir/2016/04/11/matrix-scan-single-matrix_2016-04-11.074618_qAEcla.tab is used
WARNING only first matrix in /tmp/.rsat_tmp_dir/2016/04/11/matrix-scan-single-matrix_2016-04-11.074619_L6OhgJ.tab is used
WARNING only first matrix in /tmp/.rsat_tmp_dir/2016/04/11/matrix-scan-single-matrix_2016-04-11.074620_oPtiUH.tab is used
WARNING only first matrix in /tmp/.rsat_tmp_dir/2016/04/11/matrix-scan-single-matrix_2016-04-11.074620_UKfRfB.tab is used
WARNING only first matrix in /tmp/.rsat_tmp_dir/2016/04/11/matrix-scan-single-matrix_2016-04-11.074623_mbaxJE.tab is used
WARNING only first matrix in /tmp/.rsat_tmp_dir/2016/04/11/matrix-scan-single-matrix_2016-04-11.074623_AuBNL9.tab is used
WARNING only first matrix in /tmp/.rsat_tmp_dir/2016/04/11/matrix-scan-single-matrix_2016-04-11.074623_b641cX.tab is used
WARNING only first matrix in /tmp/.rsat_tmp_dir/2016/04/11/matrix-scan-single-matrix_2016-04-11.074626_nONyWr.tab is used
WARNING only first matrix in /tmp/.rsat_tmp_dir/2016/04/11/matrix-scan-single-matrix_2016-04-11.074628_xwzsk6.tab is used
WARNING only first matrix in /tmp/.rsat_tmp_dir/2016/04/11/matrix-scan-single-matrix_2016-04-11.074630_bq3L1D.tab is used
WARNING only first matrix in /tmp/.rsat_tmp_dir/2016/04/11/matrix-scan-single-matrix_2016-04-11.074630_CvKBL1.tab is used
WARNING only first matrix in /tmp/.rsat_tmp_dir/2016/04/11/matrix-scan-single-matrix_2016-04-11.074629_DZa9QY.tab is used
WARNING only first matrix in /tmp/.rsat_tmp_dir/2016/04/11/matrix-scan-single-matrix_2016-04-11.074632_P5YLIo.tab is used
WARNING only first matrix in /tmp/.rsat_tmp_dir/2016/04/11/matrix-scan-single-matrix_2016-04-11.074633_vuBgnY.tab is used
WARNING only first matrix in /tmp/.rsat_tmp_dir/2016/04/11/matrix-scan-single-matrix_2016-04-11.074634_mQhl56.tab is used
WARNING only first matrix in /tmp/.rsat_tmp_dir/2016/04/11/matrix-scan-single-matrix_2016-04-11.074634_rAFZK5.tab is used
WARNING only first matrix in /tmp/.rsat_tmp_dir/2016/04/11/matrix-scan-single-matrix_2016-04-11.074634_BaN8xk.tab is used
WARNING only first matrix in /tmp/.rsat_tmp_dir/2016/04/11/matrix-scan-single-matrix_2016-04-11.074636_fVKSH9.tab is used
WARNING only first matrix in /tmp/.rsat_tmp_dir/2016/04/11/matrix-scan-single-matrix_2016-04-11.074637_gaMB3U.tab is used
WARNING only first matrix in /tmp/.rsat_tmp_dir/2016/04/11/matrix-scan-single-matrix_2016-04-11.074637_mvgDDc.tab is used
WARNING only first matrix in /tmp/.rsat_tmp_dir/2016/04/11/matrix-scan-single-matrix_2016-04-11.074638_x0u0pj.tab is used
WARNING only first matrix in /tmp/.rsat_tmp_dir/2016/04/11/matrix-scan-single-matrix_2016-04-11.074639_lcKHxH.tab is used
WARNING only first matrix in /tmp/.rsat_tmp_dir/2016/04/11/matrix-scan-single-matrix_2016-04-11.074640_FsSltT.tab is used
WARNING only first matrix in /tmp/.rsat_tmp_dir/2016/04/11/matrix-scan-single-matrix_2016-04-11.074640_Ay8lqh.tab is used
WARNING only first matrix in /tmp/.rsat_tmp_dir/2016/04/11/matrix-scan-single-matrix_2016-04-11.074642_difKns.tab is used
WARNING only first matrix in /tmp/.rsat_tmp_dir/2016/04/11/matrix-scan-single-matrix_2016-04-11.074644_wewM08.tab is used
WARNING only first matrix in /tmp/.rsat_tmp_dir/2016/04/11/matrix-scan-single-matrix_2016-04-11.074644_FpRacl.tab is used
WARNING only first matrix in /tmp/.rsat_tmp_dir/2016/04/11/matrix-scan-single-matrix_2016-04-11.074642_vPfxfR.tab is used
WARNING only first matrix in /tmp/.rsat_tmp_dir/2016/04/11/matrix-scan-single-matrix_2016-04-11.074647_UXPo13.tab is used
WARNING only first matrix in /tmp/.rsat_tmp_dir/2016/04/11/matrix-scan-single-matrix_2016-04-11.074648_zUCe0H.tab is used
WARNING only first matrix in /tmp/.rsat_tmp_dir/2016/04/11/matrix-scan-single-matrix_2016-04-11.074649_RsrUyC.tab is used
WARNING only first matrix in /tmp/.rsat_tmp_dir/2016/04/11/matrix-scan-single-matrix_2016-04-11.074650_tWh0Hc.tab is used
WARNING only first matrix in /tmp/.rsat_tmp_dir/2016/04/11/matrix-scan-single-matrix_2016-04-11.074651_1drT3z.tab is used
WARNING only first matrix in /tmp/.rsat_tmp_dir/2016/04/11/matrix-scan-single-matrix_2016-04-11.074651_90S5QO.tab is used
WARNING only first matrix in /tmp/.rsat_tmp_dir/2016/04/11/matrix-scan-single-matrix_2016-04-11.074652_zP1EtB.tab is used
WARNING only first matrix in /tmp/.rsat_tmp_dir/2016/04/11/matrix-scan-single-matrix_2016-04-11.074653_sofLG3.tab is used
WARNING only first matrix in /tmp/.rsat_tmp_dir/2016/04/11/matrix-scan-single-matrix_2016-04-11.074653_lT3PVH.tab is used
WARNING only first matrix in /tmp/.rsat_tmp_dir/2016/04/11/matrix-scan-single-matrix_2016-04-11.074655_y7Yjpq.tab is used
WARNING only first matrix in /tmp/.rsat_tmp_dir/2016/04/11/matrix-scan-single-matrix_2016-04-11.074657_LlWOku.tab is used
WARNING only first matrix in /tmp/.rsat_tmp_dir/2016/04/11/matrix-scan-single-matrix_2016-04-11.074657_oAc8kp.tab is used
WARNING only first matrix in /tmp/.rsat_tmp_dir/2016/04/11/matrix-scan-single-matrix_2016-04-11.074700_Lm6J9W.tab is used
WARNING only first matrix in /tmp/.rsat_tmp_dir/2016/04/11/matrix-scan-single-matrix_2016-04-11.074701_96zTyr.tab is used
WARNING only first matrix in /tmp/.rsat_tmp_dir/2016/04/11/matrix-scan-single-matrix_2016-04-11.074701_f5A78y.tab is used
WARNING only first matrix in /tmp/.rsat_tmp_dir/2016/04/11/matrix-scan-single-matrix_2016-04-11.074703_eQMlew.tab is used
WARNING only first matrix in /tmp/.rsat_tmp_dir/2016/04/11/matrix-scan-single-matrix_2016-04-11.074704_8LiH3X.tab is used
WARNING only first matrix in /tmp/.rsat_tmp_dir/2016/04/11/matrix-scan-single-matrix_2016-04-11.074706_1sixHy.tab is used
WARNING only first matrix in /tmp/.rsat_tmp_dir/2016/04/11/matrix-scan-single-matrix_2016-04-11.074704_VVvc4n.tab is used
WARNING only first matrix in /tmp/.rsat_tmp_dir/2016/04/11/matrix-scan-single-matrix_2016-04-11.074708_VCBkbJ.tab is used
WARNING only first matrix in /tmp/.rsat_tmp_dir/2016/04/11/matrix-scan-single-matrix_2016-04-11.074707_xlQffP.tab is used
WARNING only first matrix in /tmp/.rsat_tmp_dir/2016/04/11/matrix-scan-single-matrix_2016-04-11.074709_QmJvyT.tab is used
WARNING only first matrix in /tmp/.rsat_tmp_dir/2016/04/11/matrix-scan-single-matrix_2016-04-11.074710_AiNKJ6.tab is used
WARNING only first matrix in /tmp/.rsat_tmp_dir/2016/04/11/matrix-scan-single-matrix_2016-04-11.074711_D8UYCU.tab is used
WARNING only first matrix in /tmp/.rsat_tmp_dir/2016/04/11/matrix-scan-single-matrix_2016-04-11.074711_MtAsa6.tab is used
WARNING only first matrix in /tmp/.rsat_tmp_dir/2016/04/11/matrix-scan-single-matrix_2016-04-11.074713_UCTYgs.tab is used
WARNING only first matrix in /tmp/.rsat_tmp_dir/2016/04/11/matrix-scan-single-matrix_2016-04-11.074714_v2fjgS.tab is used
WARNING only first matrix in /tmp/.rsat_tmp_dir/2016/04/11/matrix-scan-single-matrix_2016-04-11.074717_ONaIv5.tab is used
WARNING only first matrix in /tmp/.rsat_tmp_dir/2016/04/11/matrix-scan-single-matrix_2016-04-11.074716_tY2jMo.tab is used
WARNING only first matrix in /tmp/.rsat_tmp_dir/2016/04/11/matrix-scan-single-matrix_2016-04-11.074718_IBeLwb.tab is used
WARNING only first matrix in /tmp/.rsat_tmp_dir/2016/04/11/matrix-scan-single-matrix_2016-04-11.074719_ojxrge.tab is used
WARNING only first matrix in /tmp/.rsat_tmp_dir/2016/04/11/matrix-scan-single-matrix_2016-04-11.074720_yNv82R.tab is used
WARNING only first matrix in /tmp/.rsat_tmp_dir/2016/04/11/matrix-scan-single-matrix_2016-04-11.074722_pbw6fF.tab is used
WARNING only first matrix in /tmp/.rsat_tmp_dir/2016/04/11/matrix-scan-single-matrix_2016-04-11.074723_IltvMp.tab is used
WARNING only first matrix in /tmp/.rsat_tmp_dir/2016/04/11/matrix-scan-single-matrix_2016-04-11.074723_DwQrdZ.tab is used
WARNING only first matrix in /tmp/.rsat_tmp_dir/2016/04/11/matrix-scan-single-matrix_2016-04-11.074725_d2GzYw.tab is used
WARNING only first matrix in /tmp/.rsat_tmp_dir/2016/04/11/matrix-scan-single-matrix_2016-04-11.074726_CCzUVZ.tab is used
WARNING only first matrix in /tmp/.rsat_tmp_dir/2016/04/11/matrix-scan-single-matrix_2016-04-11.074727_50FwCN.tab is used
WARNING only first matrix in /tmp/.rsat_tmp_dir/2016/04/11/matrix-scan-single-matrix_2016-04-11.074728_Vm00pJ.tab is used
WARNING only first matrix in /tmp/.rsat_tmp_dir/2016/04/11/matrix-scan-single-matrix_2016-04-11.074729_pSNvHX.tab is used
WARNING only first matrix in /tmp/.rsat_tmp_dir/2016/04/11/matrix-scan-single-matrix_2016-04-11.074732_FjQUix.tab is used
WARNING only first matrix in /tmp/.rsat_tmp_dir/2016/04/11/matrix-scan-single-matrix_2016-04-11.074732_YNPXt6.tab is used
WARNING only first matrix in /tmp/.rsat_tmp_dir/2016/04/11/matrix-scan-single-matrix_2016-04-11.074734_TYyLjy.tab is used
WARNING only first matrix in /tmp/.rsat_tmp_dir/2016/04/11/matrix-scan-single-matrix_2016-04-11.074736_QMhI3u.tab is used
WARNING only first matrix in /tmp/.rsat_tmp_dir/2016/04/11/matrix-scan-single-matrix_2016-04-11.074732_PXZvpD.tab is used
WARNING only first matrix in /tmp/.rsat_tmp_dir/2016/04/11/matrix-scan-single-matrix_2016-04-11.074737_Paxjng.tab is used
WARNING only first matrix in /tmp/.rsat_tmp_dir/2016/04/11/matrix-scan-single-matrix_2016-04-11.074741_FGV4ye.tab is used
WARNING only first matrix in /tmp/.rsat_tmp_dir/2016/04/11/matrix-scan-single-matrix_2016-04-11.074740_uG1H4i.tab is used
WARNING only first matrix in /tmp/.rsat_tmp_dir/2016/04/11/matrix-scan-single-matrix_2016-04-11.074740_Fw8JAn.tab is used
WARNING only first matrix in /tmp/.rsat_tmp_dir/2016/04/11/matrix-scan-single-matrix_2016-04-11.074745_bq9mGk.tab is used
WARNING only first matrix in /tmp/.rsat_tmp_dir/2016/04/11/matrix-scan-single-matrix_2016-04-11.074745_NBwYko.tab is used
WARNING only first matrix in /tmp/.rsat_tmp_dir/2016/04/11/matrix-scan-single-matrix_2016-04-11.074748_sU7oPw.tab is used
WARNING only first matrix in /tmp/.rsat_tmp_dir/2016/04/11/matrix-scan-single-matrix_2016-04-11.074746_jVxQHx.tab is used
WARNING only first matrix in /tmp/.rsat_tmp_dir/2016/04/11/matrix-scan-single-matrix_2016-04-11.074749_kJ3zJQ.tab is used
WARNING only first matrix in /tmp/.rsat_tmp_dir/2016/04/11/matrix-scan-single-matrix_2016-04-11.074751_Fu9IAg.tab is used
WARNING only first matrix in /tmp/.rsat_tmp_dir/2016/04/11/matrix-scan-single-matrix_2016-04-11.074752_CIy6ZX.tab is used
WARNING only first matrix in /tmp/.rsat_tmp_dir/2016/04/11/matrix-scan-single-matrix_2016-04-11.074753_KlxHZs.tab is used
WARNING only first matrix in /tmp/.rsat_tmp_dir/2016/04/11/matrix-scan-single-matrix_2016-04-11.074755_LfHeXg.tab is used
WARNING only first matrix in /tmp/.rsat_tmp_dir/2016/04/11/matrix-scan-single-matrix_2016-04-11.074754_j8ZXNr.tab is used
WARNING only first matrix in /tmp/.rsat_tmp_dir/2016/04/11/matrix-scan-single-matrix_2016-04-11.074756_mBcnj7.tab is used
WARNING only first matrix in /tmp/.rsat_tmp_dir/2016/04/11/matrix-scan-single-matrix_2016-04-11.074758_YFwrbA.tab is used
WARNING only first matrix in /tmp/.rsat_tmp_dir/2016/04/11/matrix-scan-single-matrix_2016-04-11.074758_2n5APJ.tab is used
WARNING only first matrix in /tmp/.rsat_tmp_dir/2016/04/11/matrix-scan-single-matrix_2016-04-11.074800_tlZtW0.tab is used
WARNING only first matrix in /tmp/.rsat_tmp_dir/2016/04/11/matrix-scan-single-matrix_2016-04-11.074800_LJyjbw.tab is used
WARNING only first matrix in /tmp/.rsat_tmp_dir/2016/04/11/matrix-scan-single-matrix_2016-04-11.074801_erel5v.tab is used
WARNING only first matrix in /tmp/.rsat_tmp_dir/2016/04/11/matrix-scan-single-matrix_2016-04-11.074803_ggAOA3.tab is used
WARNING only first matrix in /tmp/.rsat_tmp_dir/2016/04/11/matrix-scan-single-matrix_2016-04-11.074803_ldV6QA.tab is used
WARNING only first matrix in /tmp/.rsat_tmp_dir/2016/04/11/matrix-scan-single-matrix_2016-04-11.074804_5XVEpt.tab is used
WARNING only first matrix in /tmp/.rsat_tmp_dir/2016/04/11/matrix-scan-single-matrix_2016-04-11.074805_NGJNMN.tab is used
WARNING only first matrix in /tmp/.rsat_tmp_dir/2016/04/11/matrix-scan-single-matrix_2016-04-11.074805_AH34ID.tab is used
WARNING only first matrix in /tmp/.rsat_tmp_dir/2016/04/11/matrix-scan-single-matrix_2016-04-11.074807_0dorpE.tab is used
WARNING only first matrix in /tmp/.rsat_tmp_dir/2016/04/11/matrix-scan-single-matrix_2016-04-11.074808_hWoeDp.tab is used
WARNING only first matrix in /tmp/.rsat_tmp_dir/2016/04/11/matrix-scan-single-matrix_2016-04-11.074809_eVhJZr.tab is used
WARNING only first matrix in /tmp/.rsat_tmp_dir/2016/04/11/matrix-scan-single-matrix_2016-04-11.074811_oBKFdJ.tab is used
WARNING only first matrix in /tmp/.rsat_tmp_dir/2016/04/11/matrix-scan-single-matrix_2016-04-11.074812_ARJbt0.tab is used
WARNING only first matrix in /tmp/.rsat_tmp_dir/2016/04/11/matrix-scan-single-matrix_2016-04-11.074813_VpiBrA.tab is used
WARNING only first matrix in /tmp/.rsat_tmp_dir/2016/04/11/matrix-scan-single-matrix_2016-04-11.074812_JEcQue.tab is used
WARNING only first matrix in /tmp/.rsat_tmp_dir/2016/04/11/matrix-scan-single-matrix_2016-04-11.074815_3n0Caj.tab is used
WARNING only first matrix in /tmp/.rsat_tmp_dir/2016/04/11/matrix-scan-single-matrix_2016-04-11.074815_cUIfjb.tab is used
WARNING only first matrix in /tmp/.rsat_tmp_dir/2016/04/11/matrix-scan-single-matrix_2016-04-11.074817_uKOX4x.tab is used
WARNING only first matrix in /tmp/.rsat_tmp_dir/2016/04/11/matrix-scan-single-matrix_2016-04-11.074817_lXbfOG.tab is used
WARNING only first matrix in /tmp/.rsat_tmp_dir/2016/04/11/matrix-scan-single-matrix_2016-04-11.074819_wr81Ti.tab is used
WARNING only first matrix in /tmp/.rsat_tmp_dir/2016/04/11/matrix-scan-single-matrix_2016-04-11.074820_d2hfGx.tab is used
WARNING only first matrix in /tmp/.rsat_tmp_dir/2016/04/11/matrix-scan-single-matrix_2016-04-11.074820_qBYOey.tab is used
WARNING only first matrix in /tmp/.rsat_tmp_dir/2016/04/11/matrix-scan-single-matrix_2016-04-11.074822_5vuzlC.tab is used
WARNING only first matrix in /tmp/.rsat_tmp_dir/2016/04/11/matrix-scan-single-matrix_2016-04-11.074824_2i9tWF.tab is used
WARNING only first matrix in /tmp/.rsat_tmp_dir/2016/04/11/matrix-scan-single-matrix_2016-04-11.074822_jDFBDx.tab is used
WARNING only first matrix in /tmp/.rsat_tmp_dir/2016/04/11/matrix-scan-single-matrix_2016-04-11.074826_lBETV9.tab is used
WARNING only first matrix in /tmp/.rsat_tmp_dir/2016/04/11/matrix-scan-single-matrix_2016-04-11.074826_lpIFYH.tab is used
WARNING only first matrix in /tmp/.rsat_tmp_dir/2016/04/11/matrix-scan-single-matrix_2016-04-11.074828_tq6Ken.tab is used
WARNING only first matrix in /tmp/.rsat_tmp_dir/2016/04/11/matrix-scan-single-matrix_2016-04-11.074829_BWWXnb.tab is used
WARNING only first matrix in /tmp/.rsat_tmp_dir/2016/04/11/matrix-scan-single-matrix_2016-04-11.074831_mVr01r.tab is used
WARNING only first matrix in /tmp/.rsat_tmp_dir/2016/04/11/matrix-scan-single-matrix_2016-04-11.074833_awhjlV.tab is used
WARNING only first matrix in /tmp/.rsat_tmp_dir/2016/04/11/matrix-scan-single-matrix_2016-04-11.074834_FeJ92b.tab is used
WARNING only first matrix in /tmp/.rsat_tmp_dir/2016/04/11/matrix-scan-single-matrix_2016-04-11.074838_u5d9x7.tab is used
WARNING only first matrix in /tmp/.rsat_tmp_dir/2016/04/11/matrix-scan-single-matrix_2016-04-11.074835_XvM7Wk.tab is used
WARNING only first matrix in /tmp/.rsat_tmp_dir/2016/04/11/matrix-scan-single-matrix_2016-04-11.074840_jJY7Fb.tab is used
WARNING only first matrix in /tmp/.rsat_tmp_dir/2016/04/11/matrix-scan-single-matrix_2016-04-11.074838_zm5Jwa.tab is used
WARNING only first matrix in /tmp/.rsat_tmp_dir/2016/04/11/matrix-scan-single-matrix_2016-04-11.074842_py74Or.tab is used
WARNING only first matrix in /tmp/.rsat_tmp_dir/2016/04/11/matrix-scan-single-matrix_2016-04-11.074843_GOwvlU.tab is used
WARNING only first matrix in /tmp/.rsat_tmp_dir/2016/04/11/matrix-scan-single-matrix_2016-04-11.074845_FoWxpj.tab is used
WARNING only first matrix in /tmp/.rsat_tmp_dir/2016/04/11/matrix-scan-single-matrix_2016-04-11.074846_EHSBOz.tab is used
WARNING only first matrix in /tmp/.rsat_tmp_dir/2016/04/11/matrix-scan-single-matrix_2016-04-11.074848_T3CNvH.tab is used
WARNING only first matrix in /tmp/.rsat_tmp_dir/2016/04/11/matrix-scan-single-matrix_2016-04-11.074848_aVlUuB.tab is used
WARNING only first matrix in /tmp/.rsat_tmp_dir/2016/04/11/matrix-scan-single-matrix_2016-04-11.074844_adqQgE.tab is used
WARNING only first matrix in /tmp/.rsat_tmp_dir/2016/04/11/matrix-scan-single-matrix_2016-04-11.074851_HHAy3J.tab is used
WARNING only first matrix in /tmp/.rsat_tmp_dir/2016/04/11/matrix-scan-single-matrix_2016-04-11.074853_LhbAdo.tab is used
WARNING only first matrix in /tmp/.rsat_tmp_dir/2016/04/11/matrix-scan-single-matrix_2016-04-11.074852_S2oLqg.tab is used
WARNING only first matrix in /tmp/.rsat_tmp_dir/2016/04/11/matrix-scan-single-matrix_2016-04-11.074856_mLAMwL.tab is used
WARNING only first matrix in /tmp/.rsat_tmp_dir/2016/04/11/matrix-scan-single-matrix_2016-04-11.074853_lglmA9.tab is used
WARNING only first matrix in /tmp/.rsat_tmp_dir/2016/04/11/matrix-scan-single-matrix_2016-04-11.074859_zfXuCX.tab is used
WARNING only first matrix in /tmp/.rsat_tmp_dir/2016/04/11/matrix-scan-single-matrix_2016-04-11.074900_LTnvxi.tab is used
WARNING only first matrix in /tmp/.rsat_tmp_dir/2016/04/11/matrix-scan-single-matrix_2016-04-11.074900_YVtPU2.tab is used
WARNING only first matrix in /tmp/.rsat_tmp_dir/2016/04/11/matrix-scan-single-matrix_2016-04-11.074903_xn5b0f.tab is used
WARNING only first matrix in /tmp/.rsat_tmp_dir/2016/04/11/matrix-scan-single-matrix_2016-04-11.074905_AH1heu.tab is used
WARNING only first matrix in /tmp/.rsat_tmp_dir/2016/04/11/matrix-scan-single-matrix_2016-04-11.074904_Tgr2nC.tab is used
WARNING only first matrix in /tmp/.rsat_tmp_dir/2016/04/11/matrix-scan-single-matrix_2016-04-11.074907_t1Nv73.tab is used
WARNING only first matrix in /tmp/.rsat_tmp_dir/2016/04/11/matrix-scan-single-matrix_2016-04-11.074907_LiJVsG.tab is used
WARNING only first matrix in /tmp/.rsat_tmp_dir/2016/04/11/matrix-scan-single-matrix_2016-04-11.074908_BDw9UJ.tab is used
WARNING only first matrix in /tmp/.rsat_tmp_dir/2016/04/11/matrix-scan-single-matrix_2016-04-11.074911_1C0vd2.tab is used
WARNING only first matrix in /tmp/.rsat_tmp_dir/2016/04/11/matrix-scan-single-matrix_2016-04-11.074913_22OMya.tab is used
WARNING only first matrix in /tmp/.rsat_tmp_dir/2016/04/11/matrix-scan-single-matrix_2016-04-11.074914_2eQbTt.tab is used
WARNING only first matrix in /tmp/.rsat_tmp_dir/2016/04/11/matrix-scan-single-matrix_2016-04-11.074916_rv7ByV.tab is used
WARNING only first matrix in /tmp/.rsat_tmp_dir/2016/04/11/matrix-scan-single-matrix_2016-04-11.074913_DBl8Dn.tab is used
WARNING only first matrix in /tmp/.rsat_tmp_dir/2016/04/11/matrix-scan-single-matrix_2016-04-11.074918_39prd0.tab is used
WARNING only first matrix in /tmp/.rsat_tmp_dir/2016/04/11/matrix-scan-single-matrix_2016-04-11.074919_9SG3xh.tab is used
WARNING only first matrix in /tmp/.rsat_tmp_dir/2016/04/11/matrix-scan-single-matrix_2016-04-11.074920_sZ0QRx.tab is used
WARNING only first matrix in /tmp/.rsat_tmp_dir/2016/04/11/matrix-scan-single-matrix_2016-04-11.074921_ch04mN.tab is used
WARNING only first matrix in /tmp/.rsat_tmp_dir/2016/04/11/matrix-scan-single-matrix_2016-04-11.074921_idyDGC.tab is used
WARNING only first matrix in /tmp/.rsat_tmp_dir/2016/04/11/matrix-scan-single-matrix_2016-04-11.074924_GpjOUI.tab is used
WARNING only first matrix in /tmp/.rsat_tmp_dir/2016/04/11/matrix-scan-single-matrix_2016-04-11.074925_Il4PeB.tab is used
WARNING only first matrix in /tmp/.rsat_tmp_dir/2016/04/11/matrix-scan-single-matrix_2016-04-11.074926_MfTCpy.tab is used
WARNING only first matrix in /tmp/.rsat_tmp_dir/2016/04/11/matrix-scan-single-matrix_2016-04-11.074926_nGOy5b.tab is used
WARNING only first matrix in /tmp/.rsat_tmp_dir/2016/04/11/matrix-scan-single-matrix_2016-04-11.074928_2HklwN.tab is used
WARNING only first matrix in /tmp/.rsat_tmp_dir/2016/04/11/matrix-scan-single-matrix_2016-04-11.074929_AKVgq8.tab is used
WARNING only first matrix in /tmp/.rsat_tmp_dir/2016/04/11/matrix-scan-single-matrix_2016-04-11.074930_qAZivm.tab is used
WARNING only first matrix in /tmp/.rsat_tmp_dir/2016/04/11/matrix-scan-single-matrix_2016-04-11.074931_N4y2ka.tab is used
WARNING only first matrix in /tmp/.rsat_tmp_dir/2016/04/11/matrix-scan-single-matrix_2016-04-11.074932_2elZ1c.tab is used
WARNING only first matrix in /tmp/.rsat_tmp_dir/2016/04/11/matrix-scan-single-matrix_2016-04-11.074932_Xt9u9t.tab is used
WARNING only first matrix in /tmp/.rsat_tmp_dir/2016/04/11/matrix-scan-single-matrix_2016-04-11.074934_kMAiaV.tab is used
WARNING only first matrix in /tmp/.rsat_tmp_dir/2016/04/11/matrix-scan-single-matrix_2016-04-11.074935_Ev8SeZ.tab is used
WARNING only first matrix in /tmp/.rsat_tmp_dir/2016/04/11/matrix-scan-single-matrix_2016-04-11.074937_49sCYU.tab is used
WARNING only first matrix in /tmp/.rsat_tmp_dir/2016/04/11/matrix-scan-single-matrix_2016-04-11.074936_5xahgo.tab is used
cat: write error: Broken pipe
Loading required package: data.table
Loading required package: seqinr
Loading required package: ade4
Loading required package: reshape2

Attaching package: 'reshape2'

The following objects are masked from 'package:data.table':

    dcast, melt

